INFO:sim:172 - Generating IP...
Resolving generics for 'clkgen'...
Applying external generics to 'clkgen'...
Delivering associated files for 'clkgen'...
WARNING:sim - Component clk_wiz_v3_6 does not have a valid model name for VHDL
   synthesis
Delivering EJava files for 'clkgen'...
Delivered 3 files into directory
C:/Users/Ajda/Documents/GitHub/SnakeVHDL/Snakey/ipcore_dir/tmp/_cg/clkgen
Delivered 1 file into directory
C:/Users/Ajda/Documents/GitHub/SnakeVHDL/Snakey/ipcore_dir/tmp/_cg/clkgen
Generating ASY schematic symbol...
Loading device for application Rf_Device from file '7a100t.nph' in environment
C:\Xilinx\14.6\ISE_DS\ISE\.
INFO:sim:949 - Finished generation of ASY schematic symbol.
Generating SYM schematic symbol for 'clkgen'...
Generating ISE project...
XCO file found: clkgen.xco
XMDF file found: clkgen_xmdf.tcl
Adding
C:/Users/Ajda/Documents/GitHub/SnakeVHDL/Snakey/ipcore_dir/tmp/_cg/clkgen.asy
-view all -origin_type imported
Adding
C:/Users/Ajda/Documents/GitHub/SnakeVHDL/Snakey/ipcore_dir/tmp/_cg/clkgen.ucf
-view all -origin_type created
Adding
C:/Users/Ajda/Documents/GitHub/SnakeVHDL/Snakey/ipcore_dir/tmp/_cg/clkgen.vhd
-view all -origin_type created
INFO:HDLCompiler:1061 - Parsing VHDL file
   "C:/Users/Ajda/Documents/GitHub/SnakeVHDL/Snakey/ipcore_dir/tmp/_cg/clkgen.vh
   d" into library work
INFO:ProjectMgmt - Parsing design hierarchy completed successfully.
Adding
C:/Users/Ajda/Documents/GitHub/SnakeVHDL/Snakey/ipcore_dir/tmp/_cg/clkgen.vho
-view all -origin_type imported
INFO:TclTasksC:2116 - The automatic calculation of top has been turned-off.
   Please set the new top explicitly by running the "project set top" command.
   To re-calculate the new top automatically, set the "Auto Implementation Top"
   property to true.
Top level has been set to "/clkgen"
Generating README file...
Generating FLIST file...
INFO:sim:948 - Finished FLIST file generation.
Launching README viewer...
Moving files to output directory...
Finished moving files to output directory
Wrote CGP file for project 'clkgen'.
