
****** PlanAhead v14.6 (64-bit)
  **** Build 269223 by xbuild on Wed Jun  5 11:14:03 MDT 2013
    ** Copyright 1986-1999, 2001-2012 Xilinx, Inc. All Rights Reserved.

INFO: [Common 17-78] Attempting to get a license: PlanAhead
INFO: [Common 17-290] Got license for PlanAhead
INFO: [Common 17-86] Your PlanAhead license expires in -500 day(s)
INFO: [Device 21-36] Loading parts and site information from C:/Xilinx/14.6/ISE_DS/PlanAhead/data/parts/arch.xml
Parsing RTL primitives file [C:/Xilinx/14.6/ISE_DS/PlanAhead/data/parts/xilinx/rtl/prims/rtl_prims.xml]
Finished parsing RTL primitives file [C:/Xilinx/14.6/ISE_DS/PlanAhead/data/parts/xilinx/rtl/prims/rtl_prims.xml]
start_gui
source C:/Users/Ajda/Documents/Projekti/VGA/pa.fromNetlist.tcl
# create_project -name VGA -dir "C:/Users/Ajda/Documents/Projekti/VGA/planAhead_run_1" -part xc3s500efg320-5
create_project: Time (s): elapsed = 00:00:07 . Memory (MB): peak = 398.117 ; gain = 55.961
INFO: [Common 17-41] Interrupt caught. Command should exit soon.
INFO: [Common 17-344] 'current_run' was cancelled
INFO: [Common 17-344] 'source' was cancelled
exit
ERROR: [Common 17-39] 'stop_gui' failed due to earlier errors.
INFO: [Common 17-206] Exiting PlanAhead at Thu Nov 13 15:41:51 2014...
INFO: [Common 17-83] Releasing license: PlanAhead
