INFO:sim:172 - Generating IP...
Resolving generics for 'clockgen'...
Applying external generics to 'clockgen'...
Delivering associated files for 'clockgen'...
WARNING:sim - Component clk_wiz_v3_6 does not have a valid model name for VHDL
   synthesis
Delivering EJava files for 'clockgen'...
Delivered 3 files into directory
C:/Users/Ajda/Documents/Projekti/VGA/ipcore_dir/tmp/_cg/clockgen
Delivered 1 file into directory
C:/Users/Ajda/Documents/Projekti/VGA/ipcore_dir/tmp/_cg/clockgen
Generating ASY schematic symbol...
Loading device for application Rf_Device from file '7a100t.nph' in environment
C:\Xilinx\14.6\ISE_DS\ISE\.
INFO:sim:949 - Finished generation of ASY schematic symbol.
Generating SYM schematic symbol for 'clockgen'...
Generating ISE project...
XCO file found: clockgen.xco
XMDF file found: clockgen_xmdf.tcl
Adding C:/Users/Ajda/Documents/Projekti/VGA/ipcore_dir/tmp/_cg/clockgen.asy
-view all -origin_type imported
Adding C:/Users/Ajda/Documents/Projekti/VGA/ipcore_dir/tmp/_cg/clockgen.ucf
-view all -origin_type created
Adding C:/Users/Ajda/Documents/Projekti/VGA/ipcore_dir/tmp/_cg/clockgen.vhd
-view all -origin_type created
INFO:HDLCompiler:1061 - Parsing VHDL file
   "C:/Users/Ajda/Documents/Projekti/VGA/ipcore_dir/tmp/_cg/clockgen.vhd" into
   library work
INFO:ProjectMgmt - Parsing design hierarchy completed successfully.
Adding C:/Users/Ajda/Documents/Projekti/VGA/ipcore_dir/tmp/_cg/clockgen.vho
-view all -origin_type imported
INFO:TclTasksC:2116 - The automatic calculation of top has been turned-off.
   Please set the new top explicitly by running the "project set top" command.
   To re-calculate the new top automatically, set the "Auto Implementation Top"
   property to true.
Top level has been set to "/clockgen"
Generating README file...
Generating FLIST file...
INFO:sim:948 - Finished FLIST file generation.
Launching README viewer...
Moving files to output directory...
Finished moving files to output directory
Wrote CGP file for project 'clockgen'.
