--------------------------------------------------------------------------------
Release 14.6 Trace  (nt64)
Copyright (c) 1995-2013 Xilinx, Inc.  All rights reserved.

C:\Xilinx\14.6\ISE_DS\ISE\bin\nt64\unwrapped\trce.exe -intstyle ise -v 3 -s 5
-n 3 -fastpaths -xml hsync.twx hsync.ncd -o hsync.twr hsync.pcf

Design file:              hsync.ncd
Physical constraint file: hsync.pcf
Device,package,speed:     xc3s500e,fg320,-5 (PRODUCTION 1.27 2013-06-08)
Report level:             verbose report

Environment Variable      Effect 
--------------------      ------ 
NONE                      No environment variables were set
--------------------------------------------------------------------------------

INFO:Timing:2698 - No timing constraints found, doing default enumeration.
INFO:Timing:3412 - To improve timing, see the Timing Closure User Guide (UG612).
INFO:Timing:2752 - To get complete path coverage, use the unconstrained paths 
   option. All paths that are not constrained will be reported in the 
   unconstrained paths section(s) of the report.
INFO:Timing:3339 - The clock-to-out numbers in this timing report are based on 
   a 50 Ohm transmission line loading model.  For the details of this model, 
   and for more information on accounting for different loading conditions, 
   please see the device datasheet.
INFO:Timing:3390 - This architecture does not support a default System Jitter 
   value, please add SYSTEM_JITTER constraint to the UCF to modify the Clock 
   Uncertainty calculation.
INFO:Timing:3389 - This architecture does not support 'Discrete Jitter' and 
   'Phase Error' calculations, these terms will be zero in the Clock 
   Uncertainty calculation.  Please make appropriate modification to 
   SYSTEM_JITTER to account for the unsupported Discrete Jitter and Phase 
   Error.



Data Sheet report:
-----------------
All values displayed in nanoseconds (ns)

Setup/Hold to clock clk_i
------------+------------+------------+------------------+--------+
            |Max Setup to|Max Hold to |                  | Clock  |
Source      | clk (edge) | clk (edge) |Internal Clock(s) | Phase  |
------------+------------+------------+------------------+--------+
reset_i     |    3.320(R)|    0.971(R)|clk_i_BUFGP       |   0.000|
------------+------------+------------+------------------+--------+

Clock clk_i to Pad
------------+------------+------------------+--------+
            | clk (edge) |                  | Clock  |
Destination |   to PAD   |Internal Clock(s) | Phase  |
------------+------------+------------------+--------+
column_o<0> |    7.008(R)|clk_i_BUFGP       |   0.000|
column_o<1> |    6.962(R)|clk_i_BUFGP       |   0.000|
column_o<2> |    6.725(R)|clk_i_BUFGP       |   0.000|
column_o<3> |    7.191(R)|clk_i_BUFGP       |   0.000|
column_o<4> |    6.719(R)|clk_i_BUFGP       |   0.000|
column_o<5> |    6.959(R)|clk_i_BUFGP       |   0.000|
column_o<6> |    6.997(R)|clk_i_BUFGP       |   0.000|
column_o<7> |    7.180(R)|clk_i_BUFGP       |   0.000|
column_o<8> |    7.054(R)|clk_i_BUFGP       |   0.000|
column_o<9> |    6.475(R)|clk_i_BUFGP       |   0.000|
hsync_o     |    7.078(R)|clk_i_BUFGP       |   0.000|
hvidon_o    |    7.193(R)|clk_i_BUFGP       |   0.000|
rowclk_o    |    6.727(R)|clk_i_BUFGP       |   0.000|
------------+------------+------------------+--------+

Clock to Setup on destination clock clk_i
---------------+---------+---------+---------+---------+
               | Src:Rise| Src:Fall| Src:Rise| Src:Fall|
Source Clock   |Dest:Rise|Dest:Rise|Dest:Fall|Dest:Fall|
---------------+---------+---------+---------+---------+
clk_i          |    4.916|         |         |         |
---------------+---------+---------+---------+---------+


Analysis completed Thu Nov 06 18:59:32 2014 
--------------------------------------------------------------------------------

Trace Settings:
-------------------------
Trace Settings 

Peak Memory Usage: 163 MB



