Release 14.6 - xst P.68d (nt64)
Copyright (c) 1995-2013 Xilinx, Inc.  All rights reserved.
--> Parameter TMPDIR set to xst/projnav.tmp


Total REAL time to Xst completion: 0.00 secs
Total CPU time to Xst completion: 0.34 secs
 
--> Parameter xsthdpdir set to xst


Total REAL time to Xst completion: 0.00 secs
Total CPU time to Xst completion: 0.34 secs
 
--> Reading design: vga_top.prj

TABLE OF CONTENTS
  1) Synthesis Options Summary
  2) HDL Parsing
  3) HDL Elaboration
  4) HDL Synthesis
       4.1) HDL Synthesis Report
  5) Advanced HDL Synthesis
       5.1) Advanced HDL Synthesis Report
  6) Low Level Synthesis
  7) Partition Report
  8) Design Summary
       8.1) Primitive and Black Box Usage
       8.2) Device utilization summary
       8.3) Partition Resource Summary
       8.4) Timing Report
            8.4.1) Clock Information
            8.4.2) Asynchronous Control Signals Information
            8.4.3) Timing Summary
            8.4.4) Timing Details
            8.4.5) Cross Clock Domains Report


=========================================================================
*                      Synthesis Options Summary                        *
=========================================================================
---- Source Parameters
Input File Name                    : "vga_top.prj"
Ignore Synthesis Constraint File   : NO

---- Target Parameters
Output File Name                   : "vga_top"
Output Format                      : NGC
Target Device                      : xc7a100t-1-csg324

---- Source Options
Top Module Name                    : vga_top
Automatic FSM Extraction           : YES
FSM Encoding Algorithm             : Auto
Safe Implementation                : No
FSM Style                          : LUT
RAM Extraction                     : Yes
RAM Style                          : Auto
ROM Extraction                     : Yes
Shift Register Extraction          : YES
ROM Style                          : Auto
Resource Sharing                   : YES
Asynchronous To Synchronous        : NO
Shift Register Minimum Size        : 2
Use DSP Block                      : Auto
Automatic Register Balancing       : No

---- Target Options
LUT Combining                      : Auto
Reduce Control Sets                : Auto
Add IO Buffers                     : YES
Global Maximum Fanout              : 100000
Add Generic Clock Buffer(BUFG)     : 32
Register Duplication               : YES
Optimize Instantiated Primitives   : NO
Use Clock Enable                   : Yes
Use Synchronous Set                : Yes
Use Synchronous Reset              : Yes
Pack IO Registers into IOBs        : Auto
Equivalent register Removal        : YES

---- General Options
Optimization Goal                  : Speed
Optimization Effort                : 1
Power Reduction                    : NO
Keep Hierarchy                     : No
Netlist Hierarchy                  : As_Optimized
RTL Output                         : Yes
Global Optimization                : AllClockNets
Read Cores                         : YES
Write Timing Constraints           : NO
Cross Clock Analysis               : NO
Hierarchy Separator                : /
Bus Delimiter                      : <>
Case Specifier                     : Maintain
Slice Utilization Ratio            : 100
BRAM Utilization Ratio             : 100
DSP48 Utilization Ratio            : 100
Auto BRAM Packing                  : NO
Slice Utilization Ratio Delta      : 5

---- Other Options
Cores Search Directories           : {"ipcore_dir"  }

=========================================================================


=========================================================================
*                          HDL Parsing                                  *
=========================================================================
Parsing VHDL file "C:\Users\Anze\Projects\VHDL\VGA_wN4\ipcore_dir\clockgen.vhd" into library work
Parsing entity <clockgen>.
Parsing architecture <xilinx> of entity <clockgen>.
Parsing VHDL file "C:\Users\Anze\Projects\VHDL\VGA_wN4\counter.vhd" into library work
Parsing entity <counter>.
Parsing architecture <Behavioral> of entity <counter>.
Parsing VHDL file "C:\Users\Anze\Projects\VHDL\VGA_wN4\vsync.vhd" into library work
Parsing entity <vsync>.
Parsing architecture <Behavioral> of entity <vsync>.
Parsing VHDL file "C:\Users\Anze\Projects\VHDL\VGA_wN4\RAM30x40.vhd" into library work
Parsing entity <RAM32x40>.
Parsing architecture <Behavioral> of entity <ram32x40>.
Parsing VHDL file "C:\Users\Anze\Projects\VHDL\VGA_wN4\hsync.vhd" into library work
Parsing entity <hsync>.
Parsing architecture <Behavioral> of entity <hsync>.
Parsing VHDL file "C:\Users\Anze\Projects\VHDL\VGA_wN4\vga_top.vhd" into library work
Parsing entity <vga_top>.
Parsing architecture <Behavioral> of entity <vga_top>.

=========================================================================
*                            HDL Elaboration                            *
=========================================================================

Elaborating entity <vga_top> (architecture <Behavioral>) with generics from library <work>.

Elaborating entity <clockgen> (architecture <xilinx>) from library <work>.

Elaborating entity <hsync> (architecture <Behavioral>) with generics from library <work>.

Elaborating entity <counter> (architecture <Behavioral>) with generics from library <work>.

Elaborating entity <vsync> (architecture <Behavioral>) with generics from library <work>.

Elaborating entity <counter> (architecture <Behavioral>) with generics from library <work>.

Elaborating entity <RAM32x40> (architecture <Behavioral>) from library <work>.

=========================================================================
*                           HDL Synthesis                               *
=========================================================================

Synthesizing Unit <vga_top>.
    Related source file is "C:\Users\Anze\Projects\VHDL\VGA_wN4\vga_top.vhd".
        hcount_width = 11
        vcount_width = 10
    Found 1-bit register for signal <curr_bit>.
    Found 8-bit register for signal <color>.
    Found 1-bit 40-to-1 multiplexer for signal <column[9]_X_6_o_Mux_5_o> created at line 148.
    Summary:
	inferred   9 D-type flip-flop(s).
	inferred   1 Multiplexer(s).
Unit <vga_top> synthesized.

Synthesizing Unit <clockgen>.
    Related source file is "C:\Users\Anze\Projects\VHDL\VGA_wN4\ipcore_dir\clockgen.vhd".
    Summary:
	no macro.
Unit <clockgen> synthesized.

Synthesizing Unit <hsync>.
    Related source file is "C:\Users\Anze\Projects\VHDL\VGA_wN4\hsync.vhd".
        hcount_width = 11
        sync_pulse = 192
        display_time = 1280
        front_porch = 32
        back_porch = 96
        scan_time = 1600
        column_width = 10
    Found 11-bit comparator greater for signal <PWR_10_o_count[10]_LessThan_2_o> created at line 92
    Found 11-bit comparator greater for signal <count[10]_PWR_10_o_LessThan_3_o> created at line 92
    Found 11-bit comparator greater for signal <hvidon> created at line 107
    Summary:
	inferred   3 Comparator(s).
	inferred   1 Multiplexer(s).
Unit <hsync> synthesized.

Synthesizing Unit <counter_1>.
    Related source file is "C:\Users\Anze\Projects\VHDL\VGA_wN4\counter.vhd".
        width = 11
        stop = 1599
    Found 11-bit register for signal <count>.
    Found 11-bit adder for signal <count[10]_GND_42_o_add_3_OUT> created at line 65.
    Summary:
	inferred   1 Adder/Subtractor(s).
	inferred  11 D-type flip-flop(s).
Unit <counter_1> synthesized.

Synthesizing Unit <vsync>.
    Related source file is "C:\Users\Anze\Projects\VHDL\VGA_wN4\vsync.vhd".
        vcount_width = 10
        pulse_width = 2
        display_time = 480
        back_porch = 29
        front_porch = 10
        scan_time = 521
    Found 1-bit register for signal <vvidon>.
    Found 1-bit register for signal <vsync>.
    Found 10-bit comparator greater for signal <GND_43_o_row[9]_LessThan_2_o> created at line 92
    Found 10-bit comparator greater for signal <row[9]_GND_43_o_LessThan_3_o> created at line 92
    Found 10-bit comparator greater for signal <row[9]_GND_43_o_LessThan_4_o> created at line 97
    Summary:
	inferred   2 D-type flip-flop(s).
	inferred   3 Comparator(s).
Unit <vsync> synthesized.

Synthesizing Unit <counter_2>.
    Related source file is "C:\Users\Anze\Projects\VHDL\VGA_wN4\counter.vhd".
        width = 10
        stop = 520
    Found 10-bit register for signal <count>.
    Found 10-bit adder for signal <count[9]_GND_44_o_add_3_OUT> created at line 65.
    Summary:
	inferred   1 Adder/Subtractor(s).
	inferred  10 D-type flip-flop(s).
Unit <counter_2> synthesized.

Synthesizing Unit <RAM32x40>.
    Related source file is "C:\Users\Anze\Projects\VHDL\VGA_wN4\RAM30x40.vhd".
WARNING:Xst:3035 - Index value(s) does not match array range for signal <RAM>, simulation mismatch.
    Found 30x40-bit dual-port RAM <Mram_RAM> for signal <RAM>.
    Found 40-bit register for signal <my_row>.
    Summary:
	inferred   1 RAM(s).
	inferred  40 D-type flip-flop(s).
Unit <RAM32x40> synthesized.

=========================================================================
HDL Synthesis Report

Macro Statistics
# RAMs                                                 : 1
 30x40-bit dual-port RAM                               : 1
# Adders/Subtractors                                   : 2
 10-bit adder                                          : 1
 11-bit adder                                          : 1
# Registers                                            : 7
 1-bit register                                        : 3
 10-bit register                                       : 1
 11-bit register                                       : 1
 40-bit register                                       : 1
 8-bit register                                        : 1
# Comparators                                          : 6
 10-bit comparator greater                             : 3
 11-bit comparator greater                             : 3
# Multiplexers                                         : 2
 1-bit 40-to-1 multiplexer                             : 1
 10-bit 2-to-1 multiplexer                             : 1

=========================================================================

=========================================================================
*                       Advanced HDL Synthesis                          *
=========================================================================

WARNING:Xst:1710 - FF/Latch <my_row_23> (without init value) has a constant value of 1 in block <Inst_RAM32x40>. This FF/Latch will be trimmed during the optimization process.

Synthesizing (advanced) Unit <RAM32x40>.
INFO:Xst:3218 - HDL ADVISOR - The RAM <Mram_RAM> will be implemented on LUTs either because you have described an asynchronous read or because of currently unsupported block RAM features. If you have described an asynchronous read, making it synchronous would allow you to take advantage of available block RAM resources, for optimized device usage and improved timings. Please refer to your documentation for coding guidelines.
    -----------------------------------------------------------------------
    | ram_type           | Distributed                         |          |
    -----------------------------------------------------------------------
    | Port A                                                              |
    |     aspect ratio   | 30-word x 40-bit                    |          |
    |     clkA           | connected to signal <clk_i>         | rise     |
    |     weA            | connected to signal <VCC>           | high     |
    |     addrA          | connected to signal <"01010">       |          |
    |     diA            | connected to signal <my_row>        |          |
    |     doA            | connected to internal node          |          |
    -----------------------------------------------------------------------
    | Port B                                                              |
    |     aspect ratio   | 30-word x 40-bit                    |          |
    |     addrB          | connected to signal <addrOUT_i>     |          |
    |     doB            | connected to internal node          |          |
    -----------------------------------------------------------------------
Unit <RAM32x40> synthesized (advanced).

Synthesizing (advanced) Unit <counter_1>.
The following registers are absorbed into counter <count>: 1 register on signal <count>.
Unit <counter_1> synthesized (advanced).

Synthesizing (advanced) Unit <counter_2>.
The following registers are absorbed into counter <count>: 1 register on signal <count>.
Unit <counter_2> synthesized (advanced).

=========================================================================
Advanced HDL Synthesis Report

Macro Statistics
# RAMs                                                 : 1
 30x40-bit dual-port distributed RAM                   : 1
# Counters                                             : 2
 10-bit up counter                                     : 1
 11-bit up counter                                     : 1
# Registers                                            : 51
 Flip-Flops                                            : 51
# Comparators                                          : 6
 10-bit comparator greater                             : 3
 11-bit comparator greater                             : 3
# Multiplexers                                         : 2
 1-bit 40-to-1 multiplexer                             : 1
 10-bit 2-to-1 multiplexer                             : 1

=========================================================================

=========================================================================
*                         Low Level Synthesis                           *
=========================================================================
WARNING:Xst:1710 - FF/Latch <my_row_23> (without init value) has a constant value of 1 in block <RAM32x40>. This FF/Latch will be trimmed during the optimization process.

Optimizing unit <RAM32x40> ...

Optimizing unit <vga_top> ...

Optimizing unit <hsync> ...

Optimizing unit <vsync> ...

Mapping all equations...
Building and optimizing final netlist ...
Found area constraint ratio of 100 (+ 5) on block vga_top, actual ratio is 0.
FlipFlop Inst_vsync/cnt/count_6 has been replicated 1 time(s)
FlipFlop Inst_vsync/cnt/count_7 has been replicated 1 time(s)
FlipFlop Inst_vsync/cnt/count_8 has been replicated 1 time(s)

Final Macro Processing ...

=========================================================================
Final Register Report

Macro Statistics
# Registers                                            : 74
 Flip-Flops                                            : 74

=========================================================================

=========================================================================
*                           Partition Report                            *
=========================================================================

Partition Implementation Status
-------------------------------

  No Partitions were found in this design.

-------------------------------

=========================================================================
*                            Design Summary                             *
=========================================================================

Top Level Output File Name         : vga_top.ngc

Primitive and Black Box Usage:
------------------------------
# BELS                             : 98
#      GND                         : 1
#      INV                         : 3
#      LUT1                        : 19
#      LUT2                        : 2
#      LUT3                        : 1
#      LUT4                        : 6
#      LUT5                        : 2
#      LUT6                        : 20
#      MUXCY                       : 19
#      MUXF7                       : 2
#      MUXF8                       : 1
#      VCC                         : 1
#      XORCY                       : 21
# FlipFlops/Latches                : 74
#      FD                          : 39
#      FDE                         : 1
#      FDR                         : 21
#      FDRE                        : 13
# RAMS                             : 40
#      RAM32X1D                    : 40
# Clock Buffers                    : 2
#      BUFG                        : 2
# IO Buffers                       : 12
#      IBUF                        : 1
#      IBUFG                       : 1
#      OBUF                        : 10
# Others                           : 1
#      MMCME2_ADV                  : 1

Device utilization summary:
---------------------------

Selected Device : 7a100tcsg324-1 


Slice Logic Utilization: 
 Number of Slice Registers:              74  out of  126800     0%  
 Number of Slice LUTs:                  133  out of  63400     0%  
    Number used as Logic:                53  out of  63400     0%  
    Number used as Memory:               80  out of  19000     0%  
       Number used as RAM:               80

Slice Logic Distribution: 
 Number of LUT Flip Flop pairs used:    141
   Number with an unused Flip Flop:      67  out of    141    47%  
   Number with an unused LUT:             8  out of    141     5%  
   Number of fully used LUT-FF pairs:    66  out of    141    46%  
   Number of unique control sets:         6

IO Utilization: 
 Number of IOs:                          12
 Number of bonded IOBs:                  12  out of    210     5%  

Specific Feature Utilization:
 Number of BUFG/BUFGCTRLs:                2  out of     32     6%  

---------------------------
Partition Resource Summary:
---------------------------

  No Partitions were found in this design.

---------------------------


=========================================================================
Timing Report

NOTE: THESE TIMING NUMBERS ARE ONLY A SYNTHESIS ESTIMATE.
      FOR ACCURATE TIMING INFORMATION PLEASE REFER TO THE TRACE REPORT
      GENERATED AFTER PLACE-and-ROUTE.

Clock Information:
------------------
-----------------------------------+------------------------+-------+
Clock Signal                       | Clock buffer(FF name)  | Load  |
-----------------------------------+------------------------+-------+
newclk/clkout0                     | BUFG                   | 114   |
-----------------------------------+------------------------+-------+

Asynchronous Control Signals Information:
----------------------------------------
No asynchronous control signals found in this design

Timing Summary:
---------------
Speed Grade: -1

   Minimum period: 3.820ns (Maximum Frequency: 261.780MHz)
   Minimum input arrival time before clock: 1.901ns
   Maximum output required time after clock: 2.867ns
   Maximum combinational path delay: 0.001ns

Timing Details:
---------------
All values displayed in nanoseconds (ns)

=========================================================================
Timing constraint: Default period analysis for Clock 'newclk/clkout0'
  Clock period: 3.820ns (frequency: 261.780MHz)
  Total number of paths / destination ports: 1364 / 358
-------------------------------------------------------------------------
Delay:               3.820ns (Levels of Logic = 4)
  Source:            Inst_RAM32x40/Mram_RAM25 (RAM)
  Destination:       curr_bit (FF)
  Source Clock:      newclk/clkout0 rising
  Destination Clock: newclk/clkout0 rising

  Data Path: Inst_RAM32x40/Mram_RAM25 to curr_bit
                                Gate     Net
    Cell:in->out      fanout   Delay   Delay  Logical Name (Net Name)
    ----------------------------------------  ------------
     RAM32X1D:WCLK->DPO    1   1.163   0.939  Inst_RAM32x40/Mram_RAM25 (data_got<24>)
     LUT6:I0->O            1   0.124   0.776  Mmux_column[9]_X_6_o_Mux_5_o_101 (Mmux_column[9]_X_6_o_Mux_5_o_101)
     LUT6:I2->O            1   0.124   0.000  Mmux_column[9]_X_6_o_Mux_5_o_51 (Mmux_column[9]_X_6_o_Mux_5_o_51)
     MUXF7:I1->O           1   0.368   0.000  Mmux_column[9]_X_6_o_Mux_5_o_4_f7 (Mmux_column[9]_X_6_o_Mux_5_o_4_f7)
     MUXF8:I0->O           1   0.296   0.000  Mmux_column[9]_X_6_o_Mux_5_o_2_f8 (column[9]_X_6_o_Mux_5_o)
     FDE:D                     0.030          curr_bit
    ----------------------------------------
    Total                      3.820ns (2.105ns logic, 1.715ns route)
                                       (55.1% logic, 44.9% route)

=========================================================================
Timing constraint: Default OFFSET IN BEFORE for Clock 'newclk/clkout0'
  Total number of paths / destination ports: 24 / 24
-------------------------------------------------------------------------
Offset:              1.901ns (Levels of Logic = 2)
  Source:            reset_i (PAD)
  Destination:       Inst_vsync/cnt/count_9 (FF)
  Destination Clock: newclk/clkout0 rising

  Data Path: reset_i to Inst_vsync/cnt/count_9
                                Gate     Net
    Cell:in->out      fanout   Delay   Delay  Logical Name (Net Name)
    ----------------------------------------  ------------
     IBUF:I->O             5   0.001   0.803  reset_i_IBUF (reset_i_IBUF)
     LUT4:I0->O           13   0.124   0.479  Inst_vsync/cnt/_n00223 (Inst_vsync/cnt/_n0022)
     FDRE:R                    0.494          Inst_vsync/cnt/count_0
    ----------------------------------------
    Total                      1.901ns (0.619ns logic, 1.282ns route)
                                       (32.6% logic, 67.4% route)

=========================================================================
Timing constraint: Default OFFSET OUT AFTER for Clock 'newclk/clkout0'
  Total number of paths / destination ports: 23 / 10
-------------------------------------------------------------------------
Offset:              2.867ns (Levels of Logic = 3)
  Source:            Inst_hsync/cnt/count_5 (FF)
  Destination:       hsync_o (PAD)
  Source Clock:      newclk/clkout0 rising

  Data Path: Inst_hsync/cnt/count_5 to hsync_o
                                Gate     Net
    Cell:in->out      fanout   Delay   Delay  Logical Name (Net Name)
    ----------------------------------------  ------------
     FDR:C->Q              5   0.478   0.966  Inst_hsync/cnt/count_5 (Inst_hsync/cnt/count_5)
     LUT6:I0->O            1   0.124   0.776  Inst_hsync/hsync2 (Inst_hsync/hsync1)
     LUT4:I0->O            1   0.124   0.399  Inst_hsync/hsync3 (hsync_o_OBUF)
     OBUF:I->O                 0.000          hsync_o_OBUF (hsync_o)
    ----------------------------------------
    Total                      2.867ns (0.726ns logic, 2.141ns route)
                                       (25.3% logic, 74.7% route)

=========================================================================
Timing constraint: Default path analysis
  Total number of paths / destination ports: 1 / 1
-------------------------------------------------------------------------
Delay:               0.001ns (Levels of Logic = 1)
  Source:            clk_in (PAD)
  Destination:       newclk/mmcm_adv_inst:CLKIN1 (PAD)

  Data Path: clk_in to newclk/mmcm_adv_inst:CLKIN1
                                Gate     Net
    Cell:in->out      fanout   Delay   Delay  Logical Name (Net Name)
    ----------------------------------------  ------------
     IBUFG:I->O            0   0.001   0.000  newclk/clkin1_buf (newclk/clkin1)
    MMCME2_ADV:CLKIN1          0.000          newclk/mmcm_adv_inst
    ----------------------------------------
    Total                      0.001ns (0.001ns logic, 0.000ns route)
                                       (100.0% logic, 0.0% route)

=========================================================================

Cross Clock Domains Report:
--------------------------

Clock to Setup on destination clock newclk/clkout0
---------------+---------+---------+---------+---------+
               | Src:Rise| Src:Fall| Src:Rise| Src:Fall|
Source Clock   |Dest:Rise|Dest:Rise|Dest:Fall|Dest:Fall|
---------------+---------+---------+---------+---------+
newclk/clkout0 |    3.820|         |         |         |
---------------+---------+---------+---------+---------+

=========================================================================


Total REAL time to Xst completion: 28.00 secs
Total CPU time to Xst completion: 27.98 secs
 
--> 

Total memory usage is 471956 kilobytes

Number of errors   :    0 (   0 filtered)
Number of warnings :    3 (   0 filtered)
Number of infos    :    1 (   0 filtered)

